<<<<<<< HEAD
﻿  engine.cpp
D:\Repos\NineRings\windowStyle.h(18,2): warning C4091: static : пропускается слева от "WindowStyle", когда ни одна переменная не объявлена
D:\Repos\NineRings\enemy.h(4,10): warning C4067: непредвиденные лексемы за директивой препроцессора, требуется newline
D:\Repos\NineRings\engine.cpp(20,12): warning C4244: аргумент: преобразование "time_t" в "unsigned int", возможна потеря данных
D:\Repos\NineRings\engine.cpp(133,81): warning C4244: аргумент: преобразование "T" в "T", возможна потеря данных
          with
          [
              T=int
          ]
          and
          [
              T=float
          ]
D:\Repos\NineRings\engine.cpp(133,50): warning C4244: аргумент: преобразование "T" в "T", возможна потеря данных
          with
          [
              T=int
          ]
          and
          [
              T=float
          ]
D:\Repos\NineRings\engine.cpp(138,101): warning C4244: аргумент: преобразование "T" в "T", возможна потеря данных
          with
          [
              T=int
          ]
          and
          [
              T=float
          ]
D:\Repos\NineRings\engine.cpp(138,70): warning C4244: аргумент: преобразование "T" в "T", возможна потеря данных
          with
          [
              T=int
          ]
          and
          [
              T=float
          ]
D:\Repos\NineRings\engine.cpp(268,28): warning C4244: return: преобразование "float" в "int", возможна потеря данных
D:\Repos\NineRings\engine.cpp(273,31): warning C4244: return: преобразование "float" в "int", возможна потеря данных
D:\Repos\NineRings\engine.cpp(283,38): warning C4244: return: преобразование "T" в "int", возможна потеря данных
=======
﻿  player.cpp
D:\Repos\NineRings\player.cpp(171,69): warning C4244: аргумент: преобразование "int" в "float", возможна потеря данных
D:\Repos\NineRings\player.cpp(182,68): warning C4244: аргумент: преобразование "int" в "float", возможна потеря данных
D:\Repos\NineRings\player.cpp(218,56): warning C4244: аргумент: преобразование "float" в "int", возможна потеря данных
D:\Repos\NineRings\player.cpp(230,52): warning C4244: аргумент: преобразование "float" в "int", возможна потеря данных
D:\Repos\NineRings\player.cpp(364,13): warning C4244: инициализация: преобразование "T" в "int", возможна потеря данных
>>>>>>> 41294986eeff1eef9bba63422654c3dde8c27d57
          with
          [
              T=float
          ]
<<<<<<< HEAD
D:\Repos\NineRings\engine.cpp(288,38): warning C4244: return: преобразование "T" в "int", возможна потеря данных
=======
D:\Repos\NineRings\player.cpp(366,14): warning C4244: инициализация: преобразование "T" в "int", возможна потеря данных
>>>>>>> 41294986eeff1eef9bba63422654c3dde8c27d57
          with
          [
              T=float
          ]
<<<<<<< HEAD
D:\Repos\NineRings\engine.cpp(496,54): warning C4244: аргумент: преобразование "int" в "T", возможна потеря данных
=======
D:\Repos\NineRings\player.cpp(376,13): warning C4244: инициализация: преобразование "T" в "int", возможна потеря данных
>>>>>>> 41294986eeff1eef9bba63422654c3dde8c27d57
          with
          [
              T=float
          ]
<<<<<<< HEAD
D:\Repos\NineRings\engine.cpp(496,43): warning C4244: аргумент: преобразование "int" в "T", возможна потеря данных
=======
D:\Repos\NineRings\player.cpp(378,14): warning C4244: инициализация: преобразование "T" в "int", возможна потеря данных
>>>>>>> 41294986eeff1eef9bba63422654c3dde8c27d57
          with
          [
              T=float
          ]
<<<<<<< HEAD
D:\Repos\NineRings\engine.cpp(496,34): warning C4244: аргумент: преобразование "int" в "T", возможна потеря данных
          with
          [
              T=float
          ]
D:\Repos\NineRings\engine.cpp(496,24): warning C4244: аргумент: преобразование "int" в "T", возможна потеря данных
          with
          [
              T=float
          ]
  game.cpp
D:\Repos\NineRings\windowStyle.h(18,2): warning C4091: static : пропускается слева от "WindowStyle", когда ни одна переменная не объявлена
D:\Repos\NineRings\enemy.h(4,10): warning C4067: непредвиденные лексемы за директивой препроцессора, требуется newline
D:\Repos\NineRings\game.cpp(90,19): warning C4244: инициализация: преобразование "T" в "float", возможна потеря данных
          with
          [
              T=int
          ]
D:\Repos\NineRings\game.cpp(91,19): warning C4244: инициализация: преобразование "T" в "float", возможна потеря данных
          with
          [
              T=int
          ]
D:\Repos\NineRings\game.cpp(282,46): warning C4305: аргумент: усечение из "double" в "float"
D:\Repos\NineRings\game.cpp(284,49): warning C4305: аргумент: усечение из "double" в "float"
D:\Repos\NineRings\game.cpp(287,45): warning C4305: аргумент: усечение из "double" в "float"
D:\Repos\NineRings\game.cpp(289,48): warning C4305: аргумент: усечение из "double" в "float"
D:\Repos\NineRings\game.cpp(292,45): warning C4305: аргумент: усечение из "double" в "float"
D:\Repos\NineRings\game.cpp(294,48): warning C4305: аргумент: усечение из "double" в "float"
D:\Repos\NineRings\game.cpp(298,45): warning C4305: аргумент: усечение из "double" в "float"
D:\Repos\NineRings\game.cpp(300,48): warning C4305: аргумент: усечение из "double" в "float"
D:\Repos\NineRings\game.cpp(303,43): warning C4305: аргумент: усечение из "double" в "float"
D:\Repos\NineRings\game.cpp(305,46): warning C4305: аргумент: усечение из "double" в "float"
D:\Repos\NineRings\game.cpp(308,43): warning C4305: аргумент: усечение из "double" в "float"
D:\Repos\NineRings\game.cpp(310,46): warning C4305: аргумент: усечение из "double" в "float"
D:\Repos\NineRings\game.cpp(313,49): warning C4305: аргумент: усечение из "double" в "float"
D:\Repos\NineRings\game.cpp(315,52): warning C4305: аргумент: усечение из "double" в "float"
D:\Repos\NineRings\game.cpp(318,44): warning C4305: аргумент: усечение из "double" в "float"
D:\Repos\NineRings\game.cpp(320,47): warning C4305: аргумент: усечение из "double" в "float"
D:\Repos\NineRings\game.cpp(323,51): warning C4305: аргумент: усечение из "double" в "float"
D:\Repos\NineRings\game.cpp(325,54): warning C4305: аргумент: усечение из "double" в "float"
D:\Repos\NineRings\game.cpp(328,50): warning C4305: аргумент: усечение из "double" в "float"
D:\Repos\NineRings\game.cpp(330,53): warning C4305: аргумент: усечение из "double" в "float"
D:\Repos\NineRings\game.cpp(373,9): warning C4101: event: неиспользованная локальная переменная
D:\Repos\NineRings\game.cpp(696,114): warning C4244: аргумент: преобразование "T" в "int", возможна потеря данных
=======
D:\Repos\NineRings\player.cpp(399,22): warning C4244: =: преобразование "size_t" в "T", возможна потеря данных
>>>>>>> 41294986eeff1eef9bba63422654c3dde8c27d57
          with
          [
              T=float
          ]
<<<<<<< HEAD
D:\Repos\NineRings\game.cpp(696,51): warning C4244: аргумент: преобразование "T" в "int", возможна потеря данных
=======
D:\Repos\NineRings\player.cpp(404,22): warning C4244: =: преобразование "size_t" в "T", возможна потеря данных
>>>>>>> 41294986eeff1eef9bba63422654c3dde8c27d57
          with
          [
              T=float
          ]
<<<<<<< HEAD
D:\Repos\NineRings\game.cpp(545,8): warning C4101: intStr: неиспользованная локальная переменная
D:\Repos\NineRings\game.cpp(1493,9): warning C4101: event: неиспользованная локальная переменная
  main.cpp
D:\Repos\NineRings\windowStyle.h(18,2): warning C4091: static : пропускается слева от "WindowStyle", когда ни одна переменная не объявлена
D:\Repos\NineRings\enemy.h(4,10): warning C4067: непредвиденные лексемы за директивой препроцессора, требуется newline
  Создание кода
D:\Repos\NineRings\game.cpp(1625): warning C4715: Game::loadNextLevel: значение возвращается не при всех путях выполнения
  42 of 1396 functions ( 3.0%) were compiled, the rest were copied from previous compilation.
    1 functions were new in current compilation
    54 functions had inline decision re-evaluated but remain unchanged
=======
D:\Repos\NineRings\player.cpp(444,56): warning C4244: аргумент: преобразование "int" в "float", возможна потеря данных
D:\Repos\NineRings\player.cpp(481,34): warning C4244: аргумент: преобразование "int" в "float", возможна потеря данных
D:\Repos\NineRings\player.cpp(560,51): warning C4244: аргумент: преобразование "float" в "int", возможна потеря данных
D:\Repos\NineRings\player.cpp(889,40): warning C4244: return: преобразование "float" в "int", возможна потеря данных
D:\Repos\NineRings\player.cpp(893,37): warning C4244: return: преобразование "float" в "int", возможна потеря данных
D:\Repos\NineRings\player.cpp(1094,34): warning C4244: return: преобразование "int" в "float", возможна потеря данных
  Создание кода
  1 of 1399 functions (<0.1%) were compiled, the rest were copied from previous compilation.
    0 functions were new in current compilation
    11 functions had inline decision re-evaluated but remain unchanged
>>>>>>> 41294986eeff1eef9bba63422654c3dde8c27d57
  Создание кода завершено
  NineRings.vcxproj -> D:\Repos\NineRings\x64\Release\NineRings.exe
